c:\users\matheus\source\repos\constantes\constantes\x64\debug\vc143.pdb
c:\users\matheus\source\repos\constantes\constantes\x64\debug\vc143.idb
c:\users\matheus\source\repos\constantes\constantes\x64\debug\constantes.obj
c:\users\matheus\source\repos\constantes\x64\debug\constantes.exe
c:\users\matheus\source\repos\constantes\x64\debug\constantes.pdb
c:\users\matheus\source\repos\constantes\constantes\x64\debug\constantes.ilk
c:\users\matheus\source\repos\cursocpp\constantes\constantes\x64\debug\constantes.obj
c:\users\matheus\source\repos\cursocpp\constantes\constantes\x64\debug\constantes.ilk
c:\users\matheus\source\repos\cursocpp\constantes\constantes\x64\debug\vc143.idb
c:\users\matheus\source\repos\cursocpp\constantes\constantes\x64\debug\vc143.pdb
c:\users\matheus\source\repos\cursocpp\constantes\x64\debug\constantes.pdb
c:\users\matheus\source\repos\cursocpp\constantes\x64\debug\constantes.exe
c:\users\matheus\source\repos\cursocpp\constantes\constantes\x64\debug\constantes.tlog\cl.command.1.tlog
c:\users\matheus\source\repos\cursocpp\constantes\constantes\x64\debug\constantes.tlog\cl.items.tlog
c:\users\matheus\source\repos\cursocpp\constantes\constantes\x64\debug\constantes.tlog\cl.read.1.tlog
c:\users\matheus\source\repos\cursocpp\constantes\constantes\x64\debug\constantes.tlog\cl.write.1.tlog
c:\users\matheus\source\repos\cursocpp\constantes\constantes\x64\debug\constantes.tlog\link.command.1.tlog
c:\users\matheus\source\repos\cursocpp\constantes\constantes\x64\debug\constantes.tlog\link.read.1.tlog
c:\users\matheus\source\repos\cursocpp\constantes\constantes\x64\debug\constantes.tlog\link.secondary.1.tlog
c:\users\matheus\source\repos\cursocpp\constantes\constantes\x64\debug\constantes.tlog\link.write.1.tlog
